<?xml version="1.0" encoding="utf-8"?><testsuites name="pytest tests"><testsuite name="pytest" errors="0" failures="0" skipped="0" tests="14" time="13.702" timestamp="2026-02-15T16:10:16.279098+00:00" hostname="agent-env-76c3d9cd-7f54-4304-b71e-ac96c9429731"><testcase classname="backend.tests.test_analytics_logs.TestAnalyticsLogsFeature" name="test_get_analytics_logs_endpoint_returns_200" time="1.194" /><testcase classname="backend.tests.test_analytics_logs.TestAnalyticsLogsFeature" name="test_analytics_logs_has_summary_stats" time="0.977" /><testcase classname="backend.tests.test_analytics_logs.TestAnalyticsLogsFeature" name="test_analytics_logs_returns_individual_entries" time="0.971" /><testcase classname="backend.tests.test_analytics_logs.TestAnalyticsLogsFeature" name="test_log_entry_has_required_fields" time="1.208" /><testcase classname="backend.tests.test_analytics_logs.TestAnalyticsLogsFeature" name="test_log_entry_status_values" time="1.134" /><testcase classname="backend.tests.test_analytics_logs.TestAnalyticsLogsFeature" name="test_log_entry_id_is_integer" time="1.099" /><testcase classname="backend.tests.test_analytics_logs.TestAnalyticsLogsFeature" name="test_delete_single_log_entry_success" time="1.163" /><testcase classname="backend.tests.test_analytics_logs.TestAnalyticsLogsFeature" name="test_delete_non_existent_log_returns_404" time="0.888" /><testcase classname="backend.tests.test_analytics_logs.TestAnalyticsLogsFeature" name="test_delete_log_from_wrong_project_returns_404" time="1.200" /><testcase classname="backend.tests.test_analytics_logs.TestAnalyticsLogsFeature" name="test_summary_updates_after_delete" time="1.272" /><testcase classname="backend.tests.test_analytics_logs.TestAnalyticsLogsFeature" name="test_script_url_format_is_correct" time="0.963" /><testcase classname="backend.tests.test_analytics_logs.TestAnalyticsLogsFeature" name="test_analytics_logs_limit_parameter" time="1.290" /><testcase classname="backend.tests.test_analytics_logs.TestAnalyticsLogsAuthentication" name="test_get_analytics_logs_requires_auth" time="0.167" /><testcase classname="backend.tests.test_analytics_logs.TestAnalyticsLogsAuthentication" name="test_delete_log_requires_auth" time="0.107" /></testsuite></testsuites>