<?xml version="1.0" encoding="utf-8"?><testsuites name="pytest tests"><testsuite name="pytest" errors="0" failures="2" skipped="0" tests="14" time="15.180" timestamp="2026-02-15T16:09:48.895436+00:00" hostname="agent-env-76c3d9cd-7f54-4304-b71e-ac96c9429731"><testcase classname="backend.tests.test_analytics_logs.TestAnalyticsLogsFeature" name="test_get_analytics_logs_endpoint_returns_200" time="1.090" /><testcase classname="backend.tests.test_analytics_logs.TestAnalyticsLogsFeature" name="test_analytics_logs_has_summary_stats" time="0.990" /><testcase classname="backend.tests.test_analytics_logs.TestAnalyticsLogsFeature" name="test_analytics_logs_returns_individual_entries" time="0.928" /><testcase classname="backend.tests.test_analytics_logs.TestAnalyticsLogsFeature" name="test_log_entry_has_required_fields" time="0.978" /><testcase classname="backend.tests.test_analytics_logs.TestAnalyticsLogsFeature" name="test_log_entry_status_values" time="0.934" /><testcase classname="backend.tests.test_analytics_logs.TestAnalyticsLogsFeature" name="test_log_entry_id_is_integer" time="1.020" /><testcase classname="backend.tests.test_analytics_logs.TestAnalyticsLogsFeature" name="test_delete_single_log_entry_success" time="3.375" /><testcase classname="backend.tests.test_analytics_logs.TestAnalyticsLogsFeature" name="test_delete_non_existent_log_returns_404" time="1.101" /><testcase classname="backend.tests.test_analytics_logs.TestAnalyticsLogsFeature" name="test_delete_log_from_wrong_project_returns_404" time="1.097" /><testcase classname="backend.tests.test_analytics_logs.TestAnalyticsLogsFeature" name="test_summary_updates_after_delete" time="1.047" /><testcase classname="backend.tests.test_analytics_logs.TestAnalyticsLogsFeature" name="test_script_url_format_is_correct" time="1.220" /><testcase classname="backend.tests.test_analytics_logs.TestAnalyticsLogsFeature" name="test_analytics_logs_limit_parameter" time="1.041" /><testcase classname="backend.tests.test_analytics_logs.TestAnalyticsLogsAuthentication" name="test_get_analytics_logs_requires_auth" time="0.111"><failure message="assert 403 == 401&#10; +  where 403 = &lt;Response [403]&gt;.status_code">backend/tests/test_analytics_logs.py:240: in test_get_analytics_logs_requires_auth
    assert response.status_code == 401
E   assert 403 == 401
E    +  where 403 = &lt;Response [403]&gt;.status_code</failure></testcase><testcase classname="backend.tests.test_analytics_logs.TestAnalyticsLogsAuthentication" name="test_delete_log_requires_auth" time="0.103"><failure message="assert 403 == 401&#10; +  where 403 = &lt;Response [403]&gt;.status_code">backend/tests/test_analytics_logs.py:245: in test_delete_log_requires_auth
    assert response.status_code == 401
E   assert 403 == 401
E    +  where 403 = &lt;Response [403]&gt;.status_code</failure></testcase></testsuite></testsuites>