<?xml version="1.0" encoding="utf-8"?><testsuites name="pytest tests"><testsuite name="pytest" errors="0" failures="0" skipped="0" tests="16" time="2.667" timestamp="2026-02-15T11:38:49.277142+00:00" hostname="agent-env-8c4eda25-4837-461a-80a6-a4ae1c331b86"><testcase classname="backend.tests.test_popunder_multi_url.TestMultiURLCRUD" name="test_create_campaign_with_multiple_urls" time="0.428" /><testcase classname="backend.tests.test_popunder_multi_url.TestMultiURLCRUD" name="test_create_campaign_with_floating_banner" time="0.050" /><testcase classname="backend.tests.test_popunder_multi_url.TestMultiURLCRUD" name="test_create_campaign_with_html_body" time="0.075" /><testcase classname="backend.tests.test_popunder_multi_url.TestMultiURLCRUD" name="test_create_campaign_with_all_new_features" time="0.067" /><testcase classname="backend.tests.test_popunder_multi_url.TestMultiURLCRUD" name="test_update_campaign_url_list" time="0.157" /><testcase classname="backend.tests.test_popunder_multi_url.TestMultiURLCRUD" name="test_update_campaign_html_fields" time="0.148" /><testcase classname="backend.tests.test_popunder_multi_url.TestJSDeliveryWithMultiURL" name="test_js_contains_urls_array" time="0.218" /><testcase classname="backend.tests.test_popunder_multi_url.TestJSDeliveryWithMultiURL" name="test_js_contains_banner_html" time="0.198" /><testcase classname="backend.tests.test_popunder_multi_url.TestJSDeliveryWithMultiURL" name="test_js_contains_html_body" time="0.193" /><testcase classname="backend.tests.test_popunder_multi_url.TestJSDeliveryWithMultiURL" name="test_js_contains_country_detection" time="0.263" /><testcase classname="backend.tests.test_popunder_multi_url.TestJSDeliveryWithMultiURL" name="test_js_config_structure" time="0.224" /><testcase classname="backend.tests.test_popunder_multi_url.TestValidationMultiURL" name="test_create_without_url_list_fails" time="0.047" /><testcase classname="backend.tests.test_popunder_multi_url.TestValidationMultiURL" name="test_create_with_whitespace_only_url_list_fails" time="0.045" /><testcase classname="backend.tests.test_popunder_multi_url.TestExistingMultiURLCampaign" name="test_get_existing_multi_url_campaign" time="0.045" /><testcase classname="backend.tests.test_popunder_multi_url.TestExistingMultiURLCampaign" name="test_existing_campaign_js_delivery" time="0.161" /><testcase classname="backend.tests.test_popunder_multi_url.TestCleanup" name="test_cleanup_test_campaigns" time="0.292" /></testsuite></testsuites>