<?xml version="1.0" encoding="utf-8"?><testsuites name="pytest tests"><testsuite name="pytest" errors="0" failures="0" skipped="0" tests="22" time="4.912" timestamp="2026-02-15T17:20:16.070754+00:00" hostname="agent-env-69b1e4a0-6c95-49b2-b774-20516e74f147"><testcase classname="tests.test_ownership_visibility.TestProjectListingVisibility" name="test_admin_sees_all_projects" time="0.562" /><testcase classname="tests.test_ownership_visibility.TestProjectListingVisibility" name="test_user_sees_only_own_projects" time="0.459" /><testcase classname="tests.test_ownership_visibility.TestProjectDirectAccess" name="test_user_can_access_own_project" time="0.130" /><testcase classname="tests.test_ownership_visibility.TestProjectDirectAccess" name="test_user_cannot_access_admin_project" time="0.128" /><testcase classname="tests.test_ownership_visibility.TestProjectDirectAccess" name="test_admin_can_access_user_project" time="0.149" /><testcase classname="tests.test_ownership_visibility.TestProjectDirectAccess" name="test_admin_can_access_own_project" time="0.128" /><testcase classname="tests.test_ownership_visibility.TestProjectUpdateAccess" name="test_user_cannot_update_admin_project" time="0.110" /><testcase classname="tests.test_ownership_visibility.TestProjectUpdateAccess" name="test_admin_can_update_user_project" time="0.732" /><testcase classname="tests.test_ownership_visibility.TestProjectDeleteAccess" name="test_user_cannot_delete_admin_project" time="0.107" /><testcase classname="tests.test_ownership_visibility.TestPopunderListingVisibility" name="test_admin_sees_all_campaigns" time="0.127" /><testcase classname="tests.test_ownership_visibility.TestPopunderListingVisibility" name="test_user_sees_only_own_campaigns" time="0.141" /><testcase classname="tests.test_ownership_visibility.TestPopunderDirectAccess" name="test_user_can_access_own_campaign" time="0.257" /><testcase classname="tests.test_ownership_visibility.TestPopunderDirectAccess" name="test_user_cannot_access_admin_campaign" time="0.369" /><testcase classname="tests.test_ownership_visibility.TestPopunderDirectAccess" name="test_admin_can_access_user_campaign" time="0.128" /><testcase classname="tests.test_ownership_visibility.TestPopunderDirectAccess" name="test_admin_can_access_own_campaign" time="0.136" /><testcase classname="tests.test_ownership_visibility.TestPopunderUpdateAccess" name="test_user_cannot_update_admin_campaign" time="0.111" /><testcase classname="tests.test_ownership_visibility.TestPopunderUpdateAccess" name="test_admin_can_update_user_campaign" time="0.380" /><testcase classname="tests.test_ownership_visibility.TestPopunderDeleteAccess" name="test_user_cannot_delete_admin_campaign" time="0.120" /><testcase classname="tests.test_ownership_visibility.TestDataIntegrity" name="test_project_1_owned_by_user" time="0.122" /><testcase classname="tests.test_ownership_visibility.TestDataIntegrity" name="test_project_2_owned_by_admin" time="0.107" /><testcase classname="tests.test_ownership_visibility.TestDataIntegrity" name="test_campaign_1_owned_by_user" time="0.126" /><testcase classname="tests.test_ownership_visibility.TestDataIntegrity" name="test_campaign_2_owned_by_admin" time="0.152" /></testsuite></testsuites>