<?xml version="1.0" encoding="utf-8"?><testsuites name="pytest tests"><testsuite name="pytest" errors="0" failures="0" skipped="0" tests="23" time="10.028" timestamp="2026-02-15T14:53:41.208718+00:00" hostname="agent-env-6fd73981-44d8-4817-a3c9-305698694a42"><testcase classname="test_per_script_whitelist.TestAuth" name="test_login_success" time="0.437" /><testcase classname="test_per_script_whitelist.TestPerScriptWhitelist" name="test_whitelist_list_empty" time="0.816" /><testcase classname="test_per_script_whitelist.TestPerScriptWhitelist" name="test_whitelist_add_exact_domain" time="0.143" /><testcase classname="test_per_script_whitelist.TestPerScriptWhitelist" name="test_whitelist_add_wildcard_domain" time="0.132" /><testcase classname="test_per_script_whitelist.TestPerScriptWhitelist" name="test_whitelist_add_duplicate_fails" time="0.306" /><testcase classname="test_per_script_whitelist.TestPerScriptWhitelist" name="test_whitelist_add_invalid_pattern_fails" time="0.218" /><testcase classname="test_per_script_whitelist.TestPerScriptWhitelist" name="test_whitelist_list_with_entries" time="0.150" /><testcase classname="test_per_script_whitelist.TestPerScriptWhitelist" name="test_whitelist_toggle_off" time="0.457" /><testcase classname="test_per_script_whitelist.TestPerScriptWhitelist" name="test_whitelist_toggle_on" time="0.346" /><testcase classname="test_per_script_whitelist.TestPerScriptWhitelist" name="test_whitelist_delete" time="0.296" /><testcase classname="test_per_script_whitelist.TestPerScriptWhitelist" name="test_whitelist_count_on_script" time="0.243" /><testcase classname="test_per_script_whitelist.TestDomainTester" name="test_domain_allowed_exact_match" time="1.090" /><testcase classname="test_per_script_whitelist.TestDomainTester" name="test_domain_allowed_wildcard_match" time="0.108" /><testcase classname="test_per_script_whitelist.TestDomainTester" name="test_domain_denied" time="0.115" /><testcase classname="test_per_script_whitelist.TestDomainTester" name="test_domain_normalized" time="0.266" /><testcase classname="test_per_script_whitelist.TestAnalyticsByScript" name="test_analytics_has_by_script_section" time="0.603" /><testcase classname="test_per_script_whitelist.TestAnalyticsByScript" name="test_by_script_includes_script_url" time="0.221" /><testcase classname="test_per_script_whitelist.TestAnalyticsByScript" name="test_by_script_url_format" time="0.230" /><testcase classname="test_per_script_whitelist.TestClearLogs" name="test_logs_exist_before_clear" time="1.898" /><testcase classname="test_per_script_whitelist.TestClearLogs" name="test_clear_logs_endpoint" time="0.116" /><testcase classname="test_per_script_whitelist.TestClearLogs" name="test_logs_empty_after_clear" time="0.231" /><testcase classname="test_per_script_whitelist.TestScriptCreationWithWhitelist" name="test_create_script_and_add_whitelist" time="0.875" /><testcase classname="test_per_script_whitelist.TestScriptCreationWithWhitelist" name="test_js_delivery_with_whitelist" time="0.592" /></testsuite></testsuites>