<?xml version="1.0" encoding="utf-8"?><testsuites name="pytest tests"><testsuite name="pytest" errors="0" failures="0" skipped="0" tests="13" time="2.457" timestamp="2026-02-15T10:45:33.445266+00:00" hostname="agent-env-8c4eda25-4837-461a-80a6-a4ae1c331b86"><testcase classname="tests.test_popunder_v3.TestPopunderV3CRUD" name="test_list_popunders" time="0.597" /><testcase classname="tests.test_popunder_v3.TestPopunderV3CRUD" name="test_create_popunder_with_new_settings" time="0.079" /><testcase classname="tests.test_popunder_v3.TestPopunderV3CRUD" name="test_get_popunder_with_settings" time="0.106" /><testcase classname="tests.test_popunder_v3.TestPopunderV3CRUD" name="test_update_popunder_settings" time="0.195" /><testcase classname="tests.test_popunder_v3.TestPopunderV3CRUD" name="test_toggle_campaign_status" time="0.213" /><testcase classname="tests.test_popunder_v3.TestPopunderV3CRUD" name="test_delete_campaign" time="0.162" /><testcase classname="tests.test_popunder_v3.TestJSDeliveryEndpoint" name="test_js_delivery_returns_javascript" time="0.230" /><testcase classname="tests.test_popunder_v3.TestJSDeliveryEndpoint" name="test_js_delivery_for_paused_campaign" time="0.209" /><testcase classname="tests.test_popunder_v3.TestJSDeliveryEndpoint" name="test_js_delivery_nonexistent_campaign" time="0.122" /><testcase classname="tests.test_popunder_v3.TestValidation" name="test_create_without_direct_link_fails" time="0.112" /><testcase classname="tests.test_popunder_v3.TestValidation" name="test_create_without_name_fails" time="0.051" /><testcase classname="tests.test_popunder_v3.TestValidation" name="test_invalid_status_fails" time="0.152" /><testcase classname="tests.test_popunder_v3.TestCleanup" name="test_cleanup_test_campaigns" time="0.104" /></testsuite></testsuites>