<?xml version="1.0" encoding="utf-8"?><testsuites name="pytest tests"><testsuite name="pytest" errors="0" failures="1" skipped="0" tests="22" time="6.511" timestamp="2026-02-15T17:52:56.700565+00:00" hostname="agent-env-4947cae0-111e-42fc-ba62-1e89f87fa163"><testcase classname="tests.test_popunder_campaign.TestAuthentication" name="test_admin_login_success" time="0.466" /><testcase classname="tests.test_popunder_campaign.TestAuthentication" name="test_user_login_success" time="0.338" /><testcase classname="tests.test_popunder_campaign.TestAuthentication" name="test_login_invalid_credentials" time="0.124" /><testcase classname="tests.test_popunder_campaign.TestPopunderCampaignCRUD" name="test_list_popunder_campaigns" time="0.688" /><testcase classname="tests.test_popunder_campaign.TestPopunderCampaignCRUD" name="test_create_popunder_campaign" time="0.476" /><testcase classname="tests.test_popunder_campaign.TestPopunderCampaignCRUD" name="test_get_popunder_campaign" time="0.602" /><testcase classname="tests.test_popunder_campaign.TestPopunderCampaignCRUD" name="test_update_popunder_campaign" time="0.762" /><testcase classname="tests.test_popunder_campaign.TestPopunderJSDelivery" name="test_js_delivery_for_existing_campaign" time="0.136" /><testcase classname="tests.test_popunder_campaign.TestPopunderJSDelivery" name="test_js_delivery_nonexistent_campaign" time="0.123"><failure message="assert 200 == 404&#10; +  where 200 = &lt;Response [200]&gt;.status_code">tests/test_popunder_campaign.py:181: in test_js_delivery_nonexistent_campaign
    assert response.status_code == 404
E   assert 200 == 404
E    +  where 200 = &lt;Response [200]&gt;.status_code</failure></testcase><testcase classname="tests.test_popunder_campaign.TestPopunderJSDelivery" name="test_js_contains_popunder_logic" time="0.121" /><testcase classname="tests.test_popunder_campaign.TestPopunderTestPage" name="test_test_page_accessible" time="0.114" /><testcase classname="tests.test_popunder_campaign.TestPopunderTestPage" name="test_test_page_contains_script" time="0.107" /><testcase classname="tests.test_popunder_campaign.TestPopunderTestPage" name="test_test_page_contains_instructions" time="0.132" /><testcase classname="tests.test_popunder_campaign.TestPopunderTestPage" name="test_test_page_nonexistent_campaign" time="0.123" /><testcase classname="tests.test_popunder_campaign.TestPopunderAnalytics" name="test_track_impression_event" time="0.245" /><testcase classname="tests.test_popunder_campaign.TestPopunderAnalytics" name="test_track_click_event" time="0.152" /><testcase classname="tests.test_popunder_campaign.TestPopunderAnalytics" name="test_get_campaign_analytics" time="0.493" /><testcase classname="tests.test_popunder_campaign.TestPopunderJSBehavior" name="test_js_has_blur_and_focus_techniques" time="0.120" /><testcase classname="tests.test_popunder_campaign.TestPopunderJSBehavior" name="test_js_has_click_simulation" time="0.131" /><testcase classname="tests.test_popunder_campaign.TestPopunderJSBehavior" name="test_js_has_temp_input_focus" time="0.159" /><testcase classname="tests.test_popunder_campaign.TestPopunderJSBehavior" name="test_js_window_features" time="0.106" /><testcase classname="tests.test_popunder_campaign.TestCleanup" name="test_cleanup_test_campaigns" time="0.643" /></testsuite></testsuites>