<?xml version="1.0" encoding="utf-8"?><testsuites name="pytest tests"><testsuite name="pytest" errors="0" failures="0" skipped="0" tests="15" time="11.984" timestamp="2026-02-15T08:42:51.763647+00:00" hostname="agent-env-2bf8318a-68bf-47d5-90e9-11573796c043"><testcase classname="tests.test_popunder.TestPopunderCampaignCRUD" name="test_create_popunder_campaign" time="0.907" /><testcase classname="tests.test_popunder.TestPopunderCampaignCRUD" name="test_create_popunder_without_target_url" time="0.790" /><testcase classname="tests.test_popunder.TestPopunderCampaignCRUD" name="test_list_popunder_campaigns" time="0.835" /><testcase classname="tests.test_popunder.TestPopunderCampaignCRUD" name="test_get_single_popunder_campaign" time="0.829" /><testcase classname="tests.test_popunder.TestPopunderCampaignCRUD" name="test_update_popunder_campaign" time="0.801" /><testcase classname="tests.test_popunder.TestPopunderCampaignCRUD" name="test_delete_popunder_campaign" time="0.872" /><testcase classname="tests.test_popunder.TestPopunderJSDelivery" name="test_delivery_success_with_allowed_domain" time="0.843" /><testcase classname="tests.test_popunder.TestPopunderJSDelivery" name="test_delivery_success_with_wildcard_subdomain" time="0.855" /><testcase classname="tests.test_popunder.TestPopunderJSDelivery" name="test_delivery_denied_for_unlisted_domain" time="0.817" /><testcase classname="tests.test_popunder.TestPopunderJSDelivery" name="test_delivery_denied_for_paused_project" time="0.905" /><testcase classname="tests.test_popunder.TestPopunderJSDelivery" name="test_delivery_denied_for_paused_campaign" time="0.894" /><testcase classname="tests.test_popunder.TestPopunderJSDelivery" name="test_delivery_denied_for_nonexistent_project" time="0.097" /><testcase classname="tests.test_popunder.TestPopunderJSDelivery" name="test_delivery_denied_for_nonexistent_campaign" time="0.840" /><testcase classname="tests.test_popunder.TestPopunderJSDelivery" name="test_delivery_denied_without_js_extension" time="0.912" /><testcase classname="tests.test_popunder.TestPopunderJSDelivery" name="test_delivery_denied_for_empty_whitelist" time="0.708" /></testsuite></testsuites>