<?xml version="1.0" encoding="utf-8"?><testsuites name="pytest tests"><testsuite name="pytest" errors="0" failures="0" skipped="0" tests="14" time="3.013" timestamp="2026-02-15T12:11:59.017318+00:00" hostname="agent-env-efc9ccc6-a31d-4ed0-bbaf-345ec75d6a52"><testcase classname="tests.test_secondary_script.TestSecondaryScriptMode" name="test_project_has_secondary_script_fields" time="0.855" /><testcase classname="tests.test_secondary_script.TestSecondaryScriptMode" name="test_update_js_mode" time="0.063" /><testcase classname="tests.test_secondary_script.TestSecondaryScriptMode" name="test_update_links_mode" time="0.063" /><testcase classname="tests.test_secondary_script.TestSecondaryScriptMode" name="test_invalid_mode_rejected" time="0.053" /><testcase classname="tests.test_secondary_script.TestJSDeliveryModes" name="test_js_mode_delivery" time="0.200" /><testcase classname="tests.test_secondary_script.TestJSDeliveryModes" name="test_links_mode_delivery" time="0.211" /><testcase classname="tests.test_secondary_script.TestJSDeliveryModes" name="test_whitelisted_domain_gets_primary_script" time="0.172" /><testcase classname="tests.test_secondary_script.TestJSDeliveryModes" name="test_empty_links_returns_noop" time="0.178" /><testcase classname="tests.test_secondary_script.TestJSDeliveryModes" name="test_empty_js_returns_noop" time="0.228" /><testcase classname="tests.test_secondary_script.TestLinkInjectionFormat" name="test_link_format_structure" time="0.166" /><testcase classname="tests.test_secondary_script.TestLinkInjectionFormat" name="test_multiple_links_injection" time="0.178" /><testcase classname="tests.test_secondary_script.TestLinkInjectionFormat" name="test_special_characters_escaped" time="0.175" /><testcase classname="tests.test_secondary_script.TestModeSwitch" name="test_switch_js_to_links_preserves_js_until_save" time="0.130" /><testcase classname="tests.test_secondary_script.TestModeSwitch" name="test_partial_update_preserves_existing" time="0.207" /></testsuite></testsuites>