<?xml version="1.0" encoding="utf-8"?><testsuites name="pytest tests"><testsuite name="pytest" errors="0" failures="0" skipped="0" tests="21" time="8.738" timestamp="2026-02-15T09:32:15.651748+00:00" hostname="agent-env-2bf8318a-68bf-47d5-90e9-11573796c043"><testcase classname="tests.test_standalone_popunder.TestStandalonePopunderCRUD" name="test_list_popunder_campaigns" time="0.598" /><testcase classname="tests.test_standalone_popunder.TestStandalonePopunderCRUD" name="test_create_popunder_campaign" time="0.309" /><testcase classname="tests.test_standalone_popunder.TestStandalonePopunderCRUD" name="test_create_campaign_without_target_url_fails" time="0.099" /><testcase classname="tests.test_standalone_popunder.TestStandalonePopunderCRUD" name="test_get_single_campaign" time="0.219" /><testcase classname="tests.test_standalone_popunder.TestStandalonePopunderCRUD" name="test_update_campaign" time="0.277" /><testcase classname="tests.test_standalone_popunder.TestStandalonePopunderCRUD" name="test_delete_campaign" time="0.315" /><testcase classname="tests.test_standalone_popunder.TestPopunderCampaignWhitelist" name="test_add_whitelist_domain" time="0.578" /><testcase classname="tests.test_standalone_popunder.TestPopunderCampaignWhitelist" name="test_add_wildcard_domain" time="0.451" /><testcase classname="tests.test_standalone_popunder.TestPopunderCampaignWhitelist" name="test_list_whitelist" time="0.324" /><testcase classname="tests.test_standalone_popunder.TestPopunderCampaignWhitelist" name="test_toggle_whitelist_status" time="0.320" /><testcase classname="tests.test_standalone_popunder.TestPopunderCampaignWhitelist" name="test_delete_whitelist_entry" time="0.325" /><testcase classname="tests.test_standalone_popunder.TestPopunderDomainTester" name="test_domain_allowed" time="0.714" /><testcase classname="tests.test_standalone_popunder.TestPopunderDomainTester" name="test_domain_allowed_wildcard" time="0.387" /><testcase classname="tests.test_standalone_popunder.TestPopunderDomainTester" name="test_domain_denied" time="0.384" /><testcase classname="tests.test_standalone_popunder.TestPopunderJSDelivery" name="test_delivery_success_with_allowed_domain" time="0.677" /><testcase classname="tests.test_standalone_popunder.TestPopunderJSDelivery" name="test_delivery_success_with_wildcard_subdomain" time="0.391" /><testcase classname="tests.test_standalone_popunder.TestPopunderJSDelivery" name="test_delivery_denied_for_unlisted_domain" time="0.705" /><testcase classname="tests.test_standalone_popunder.TestPopunderJSDelivery" name="test_delivery_denied_for_paused_campaign" time="0.690" /><testcase classname="tests.test_standalone_popunder.TestPopunderJSDelivery" name="test_delivery_denied_for_nonexistent_campaign" time="0.141" /><testcase classname="tests.test_standalone_popunder.TestPopunderJSDelivery" name="test_delivery_denied_without_js_extension" time="0.400" /><testcase classname="tests.test_standalone_popunder.TestPopunderJSDelivery" name="test_delivery_denied_for_empty_whitelist" time="0.253" /></testsuite></testsuites>